<?xml version="1.0" encoding="UTF-8"?>
<!-- Generated by org.testng.reporters.JUnitReportReporter -->
<testsuite hostname="DESKTOP-M60IQT5" failures="0" tests="3" name="testclear.Logintest" time="64.281" errors="0" timestamp="2022-02-04T15:16:44 EST" skipped="0">
  <testcase classname="testclear.Logintest" name="Title" time="11.746"/>
  <system-out/>
  <testcase classname="testclear.Logintest" name="signup" time="16.755"/>
  <system-out/>
  <testcase classname="testclear.Logintest" name="Login" time="35.780"/>
  <system-out/>
</testsuite> <!-- testclear.Logintest -->
